  main.cpp
C:\Users\ittop\Desktop\serverCPP\serverCPP\vcpkg_installed\x64-windows\x64-windows\include\SQLiteCpp\Exception.h(26,45): warning C4275: class "std::runtime_error", не являющийся dll-интерфейсом, использован в качестве базового для dll-интерфейса class "SQLite::Exception"
  (компиляция исходного файла "main.cpp")
      C:\Program Files\Microsoft Visual Studio\2022\Community\VC\Tools\MSVC\14.44.35207\include\stdexcept(100,30):
       см. объявление "std::runtime_error"
      C:\Users\ittop\Desktop\serverCPP\serverCPP\vcpkg_installed\x64-windows\x64-windows\include\SQLiteCpp\Exception.h(26,21):
       см. объявление "SQLite::Exception"
  
C:\Users\ittop\Desktop\serverCPP\serverCPP\vcpkg_installed\x64-windows\x64-windows\include\SQLiteCpp\Statement.h(714,29): warning C4251: "SQLite::Statement::mQuery": "std::basic_string<char,std::char_traits<char>,std::allocator<char>>" должен иметь dll-интерфейс для использования клиентами "SQLite::Statement"
  (компиляция исходного файла "main.cpp")
      C:\Program Files\Microsoft Visual Studio\2022\Community\VC\Tools\MSVC\14.44.35207\include\xstring(541,7):
       см. объявление "std::basic_string<char,std::char_traits<char>,std::allocator<char>>"
  
C:\Users\ittop\Desktop\serverCPP\serverCPP\vcpkg_installed\x64-windows\x64-windows\include\SQLiteCpp\Statement.h(716,29): warning C4251: "SQLite::Statement::mpPreparedStatement": "std::shared_ptr<sqlite3_stmt>" должен иметь dll-интерфейс для использования клиентами "SQLite::Statement"
  (компиляция исходного файла "main.cpp")
      C:\Program Files\Microsoft Visual Studio\2022\Community\VC\Tools\MSVC\14.44.35207\include\memory(1565,7):
       см. объявление "std::shared_ptr<sqlite3_stmt>"
  
C:\Users\ittop\Desktop\serverCPP\serverCPP\vcpkg_installed\x64-windows\x64-windows\include\SQLiteCpp\Statement.h(722,41): warning C4251: "SQLite::Statement::mColumnNames": "std::map<std::string,int,std::less<std::string>,std::allocator<std::pair<const std::string,int>>>" должен иметь dll-интерфейс для использования клиентами "SQLite::Statement"
  (компиляция исходного файла "main.cpp")
      C:\Program Files\Microsoft Visual Studio\2022\Community\VC\Tools\MSVC\14.44.35207\include\map(72,7):
       см. объявление "std::map<std::string,int,std::less<std::string>,std::allocator<std::pair<const std::string,int>>>"
  
C:\Users\ittop\Desktop\serverCPP\serverCPP\vcpkg_installed\x64-windows\x64-windows\include\SQLiteCpp\Column.h(231,33): warning C4251: "SQLite::Column::mStmtPtr": "std::shared_ptr<sqlite3_stmt>" должен иметь dll-интерфейс для использования клиентами "SQLite::Column"
  (компиляция исходного файла "main.cpp")
      C:\Program Files\Microsoft Visual Studio\2022\Community\VC\Tools\MSVC\14.44.35207\include\memory(1565,7):
       см. объявление "std::shared_ptr<sqlite3_stmt>"
  
C:\Users\ittop\Desktop\serverCPP\serverCPP\vcpkg_installed\x64-windows\x64-windows\include\SQLiteCpp\Database.h(620,41): warning C4251: "SQLite::Database::mSQLitePtr": "std::unique_ptr<sqlite3,SQLite::Database::Deleter>" должен иметь dll-интерфейс для использования клиентами "SQLite::Database"
  (компиляция исходного файла "main.cpp")
      C:\Program Files\Microsoft Visual Studio\2022\Community\VC\Tools\MSVC\14.44.35207\include\memory(3347,7):
       см. объявление "std::unique_ptr<sqlite3,SQLite::Database::Deleter>"
  
C:\Users\ittop\Desktop\serverCPP\serverCPP\vcpkg_installed\x64-windows\x64-windows\include\SQLiteCpp\Database.h(621,41): warning C4251: "SQLite::Database::mFilename": "std::basic_string<char,std::char_traits<char>,std::allocator<char>>" должен иметь dll-интерфейс для использования клиентами "SQLite::Database"
  (компиляция исходного файла "main.cpp")
      C:\Program Files\Microsoft Visual Studio\2022\Community\VC\Tools\MSVC\14.44.35207\include\xstring(541,7):
       см. объявление "std::basic_string<char,std::char_traits<char>,std::allocator<char>>"
  
C:\Users\ittop\Desktop\serverCPP\serverCPP\vcpkg_installed\x64-windows\x64-windows\include\crow\http_parser_merged.h(587,32): warning C4244: =: преобразование "__int64" в "unsigned long", возможна потеря данных
  (компиляция исходного файла "main.cpp")
  
C:\Users\ittop\Desktop\serverCPP\serverCPP\vcpkg_installed\x64-windows\x64-windows\include\crow\http_parser_merged.h(607,32): warning C4244: =: преобразование "__int64" в "unsigned long", возможна потеря данных
  (компиляция исходного файла "main.cpp")
  
  Please define _WIN32_WINNT or _WIN32_WINDOWS appropriately. For example:
  - add -D_WIN32_WINNT=0x0601 to the compiler command line; or
  - add _WIN32_WINNT=0x0601 to your project's Preprocessor Definitions.
  Assuming _WIN32_WINNT=0x0601 (i.e. Windows 7 target).
C:\Users\ittop\Desktop\serverCPP\serverCPP\vcpkg_installed\x64-windows\x64-windows\include\crow\json.h(1267,35): warning C4267: аргумент: преобразование из "size_t" в "uint32_t"; возможна потеря данных
  (компиляция исходного файла "main.cpp")
  
C:\Users\ittop\Desktop\serverCPP\serverCPP\vcpkg_installed\x64-windows\x64-windows\include\crow\json.h(1749,32): warning C4267: return: преобразование из "size_t" в "int"; возможна потеря данных
  (компиляция исходного файла "main.cpp")
  
C:\Users\ittop\Desktop\serverCPP\serverCPP\vcpkg_installed\x64-windows\x64-windows\include\crow\mustache.h(180,33): warning C4267: инициализация: преобразование из "size_t" в "int"; возможна потеря данных
  (компиляция исходного файла "main.cpp")
  
C:\Users\ittop\Desktop\serverCPP\serverCPP\vcpkg_installed\x64-windows\x64-windows\include\crow\mustache.h(199,48): warning C4267: =: преобразование из "size_t" в "int"; возможна потеря данных
  (компиляция исходного файла "main.cpp")
  
C:\Users\ittop\Desktop\serverCPP\serverCPP\vcpkg_installed\x64-windows\x64-windows\include\crow\mustache.h(201,53): warning C4267: аргумент: преобразование из "size_t" в "_Ty"; возможна потеря данных
C:\Users\ittop\Desktop\serverCPP\serverCPP\vcpkg_installed\x64-windows\x64-windows\include\crow\mustache.h(201,53): warning C4267:         with
C:\Users\ittop\Desktop\serverCPP\serverCPP\vcpkg_installed\x64-windows\x64-windows\include\crow\mustache.h(201,53): warning C4267:         [
C:\Users\ittop\Desktop\serverCPP\serverCPP\vcpkg_installed\x64-windows\x64-windows\include\crow\mustache.h(201,53): warning C4267:             _Ty=int
C:\Users\ittop\Desktop\serverCPP\serverCPP\vcpkg_installed\x64-windows\x64-windows\include\crow\mustache.h(201,53): warning C4267:         ]
  (компиляция исходного файла "main.cpp")
  
C:\Users\ittop\Desktop\serverCPP\serverCPP\vcpkg_installed\x64-windows\x64-windows\include\crow\mustache.h(302,94): warning C4267: аргумент: преобразование из "size_t" в "int"; возможна потеря данных
  (компиляция исходного файла "main.cpp")
  
C:\Users\ittop\Desktop\serverCPP\serverCPP\vcpkg_installed\x64-windows\x64-windows\include\crow\mustache.h(450,54): warning C4267: аргумент: преобразование из "size_t" в "int"; возможна потеря данных
  (компиляция исходного файла "main.cpp")
  
C:\Users\ittop\Desktop\serverCPP\serverCPP\vcpkg_installed\x64-windows\x64-windows\include\crow\mustache.h(461,54): warning C4267: аргумент: преобразование из "size_t" в "int"; возможна потеря данных
  (компиляция исходного файла "main.cpp")
  
C:\Users\ittop\Desktop\serverCPP\serverCPP\vcpkg_installed\x64-windows\x64-windows\include\crow\mustache.h(479,54): warning C4267: аргумент: преобразование из "size_t" в "int"; возможна потеря данных
  (компиляция исходного файла "main.cpp")
  
C:\Users\ittop\Desktop\serverCPP\serverCPP\vcpkg_installed\x64-windows\x64-windows\include\crow\mustache.h(490,54): warning C4267: аргумент: преобразование из "size_t" в "int"; возможна потеря данных
  (компиляция исходного файла "main.cpp")
  
C:\Users\ittop\Desktop\serverCPP\serverCPP\vcpkg_installed\x64-windows\x64-windows\include\crow\routing.h(782,74): warning C4566: символ, представленный универсальным именем символа "\u2514", невозможно представить в текущей кодовой странице (1251)
  (компиляция исходного файла "main.cpp")
  
C:\Users\ittop\Desktop\serverCPP\serverCPP\vcpkg_installed\x64-windows\x64-windows\include\crow\routing.h(782,74): warning C4566: символ, представленный универсальным именем символа "\u279D", невозможно представить в текущей кодовой странице (1251)
  (компиляция исходного файла "main.cpp")
  
C:\Users\ittop\Desktop\serverCPP\serverCPP\vcpkg_installed\x64-windows\x64-windows\include\crow\routing.h(786,74): warning C4566: символ, представленный универсальным именем символа "\u2514", невозможно представить в текущей кодовой странице (1251)
  (компиляция исходного файла "main.cpp")
  
C:\Users\ittop\Desktop\serverCPP\serverCPP\vcpkg_installed\x64-windows\x64-windows\include\crow\routing.h(786,74): warning C4566: символ, представленный универсальным именем символа "\u279D", невозможно представить в текущей кодовой странице (1251)
  (компиляция исходного файла "main.cpp")
  
C:\Users\ittop\Desktop\serverCPP\serverCPP\vcpkg_installed\x64-windows\x64-windows\include\crow\routing.h(790,74): warning C4566: символ, представленный универсальным именем символа "\u2514", невозможно представить в текущей кодовой странице (1251)
  (компиляция исходного файла "main.cpp")
  
C:\Users\ittop\Desktop\serverCPP\serverCPP\vcpkg_installed\x64-windows\x64-windows\include\crow\routing.h(790,74): warning C4566: символ, представленный универсальным именем символа "\u279D", невозможно представить в текущей кодовой странице (1251)
  (компиляция исходного файла "main.cpp")
  
C:\Users\ittop\Desktop\serverCPP\serverCPP\vcpkg_installed\x64-windows\x64-windows\include\crow\routing.h(794,74): warning C4566: символ, представленный универсальным именем символа "\u2514", невозможно представить в текущей кодовой странице (1251)
  (компиляция исходного файла "main.cpp")
  
C:\Users\ittop\Desktop\serverCPP\serverCPP\vcpkg_installed\x64-windows\x64-windows\include\crow\routing.h(794,74): warning C4566: символ, представленный универсальным именем символа "\u279D", невозможно представить в текущей кодовой странице (1251)
  (компиляция исходного файла "main.cpp")
  
C:\Users\ittop\Desktop\serverCPP\serverCPP\vcpkg_installed\x64-windows\x64-windows\include\crow\routing.h(798,74): warning C4566: символ, представленный универсальным именем символа "\u2514", невозможно представить в текущей кодовой странице (1251)
  (компиляция исходного файла "main.cpp")
  
C:\Users\ittop\Desktop\serverCPP\serverCPP\vcpkg_installed\x64-windows\x64-windows\include\crow\routing.h(798,74): warning C4566: символ, представленный универсальным именем символа "\u279D", невозможно представить в текущей кодовой странице (1251)
  (компиляция исходного файла "main.cpp")
  
C:\Users\ittop\Desktop\serverCPP\serverCPP\vcpkg_installed\x64-windows\x64-windows\include\crow\routing.h(802,74): warning C4566: символ, представленный универсальным именем символа "\u2514", невозможно представить в текущей кодовой странице (1251)
  (компиляция исходного файла "main.cpp")
  
C:\Users\ittop\Desktop\serverCPP\serverCPP\vcpkg_installed\x64-windows\x64-windows\include\crow\routing.h(802,74): warning C4566: символ, представленный универсальным именем символа "\u279D", невозможно представить в текущей кодовой странице (1251)
  (компиляция исходного файла "main.cpp")
  
C:\Users\ittop\Desktop\serverCPP\serverCPP\vcpkg_installed\x64-windows\x64-windows\include\crow\routing.h(808,66): warning C4566: символ, представленный универсальным именем символа "\u2514", невозможно представить в текущей кодовой странице (1251)
  (компиляция исходного файла "main.cpp")
  
C:\Users\ittop\Desktop\serverCPP\serverCPP\vcpkg_installed\x64-windows\x64-windows\include\crow\routing.h(808,66): warning C4566: символ, представленный универсальным именем символа "\u279D", невозможно представить в текущей кодовой странице (1251)
  (компиляция исходного файла "main.cpp")
  
C:\Users\ittop\Desktop\serverCPP\serverCPP\vcpkg_installed\x64-windows\x64-windows\include\crow\routing.h(819,31): warning C4566: символ, представленный универсальным именем символа "\u2514", невозможно представить в текущей кодовой странице (1251)
  (компиляция исходного файла "main.cpp")
  
C:\Users\ittop\Desktop\serverCPP\serverCPP\vcpkg_installed\x64-windows\x64-windows\include\crow\routing.h(819,31): warning C4566: символ, представленный универсальным именем символа "\u2799", невозможно представить в текущей кодовой странице (1251)
  (компиляция исходного файла "main.cpp")
  
C:\Users\ittop\Desktop\serverCPP\serverCPP\vcpkg_installed\x64-windows\x64-windows\include\crow\routing.h(882,70): warning C4244: аргумент: преобразование "__int64" в "unsigned int", возможна потеря данных
  (компиляция исходного файла "main.cpp")
  
C:\Users\ittop\Desktop\serverCPP\serverCPP\vcpkg_installed\x64-windows\x64-windows\include\crow\routing.h(903,70): warning C4244: аргумент: преобразование "__int64" в "unsigned int", возможна потеря данных
  (компиляция исходного файла "main.cpp")
  
C:\Users\ittop\Desktop\serverCPP\serverCPP\vcpkg_installed\x64-windows\x64-windows\include\crow\routing.h(924,70): warning C4244: аргумент: преобразование "__int64" в "unsigned int", возможна потеря данных
  (компиляция исходного файла "main.cpp")
  
C:\Users\ittop\Desktop\serverCPP\serverCPP\vcpkg_installed\x64-windows\x64-windows\include\crow\routing.h(946,61): warning C4267: аргумент: преобразование из "size_t" в "unsigned int"; возможна потеря данных
  (компиляция исходного файла "main.cpp")
  
C:\Users\ittop\Desktop\serverCPP\serverCPP\vcpkg_installed\x64-windows\x64-windows\include\crow\routing.h(962,61): warning C4267: аргумент: преобразование из "size_t" в "unsigned int"; возможна потеря данных
  (компиляция исходного файла "main.cpp")
  
C:\Users\ittop\Desktop\serverCPP\serverCPP\vcpkg_installed\x64-windows\x64-windows\include\crow\routing.h(977,61): warning C4267: аргумент: преобразование из "size_t" в "unsigned int"; возможна потеря данных
  (компиляция исходного файла "main.cpp")
  
C:\Users\ittop\Desktop\serverCPP\serverCPP\vcpkg_installed\x64-windows\x64-windows\include\crow\routing.h(1032,53): warning C4267: +=: преобразование из "size_t" в "unsigned int"; возможна потеря данных
  (компиляция исходного файла "main.cpp")
  
C:\Users\ittop\Desktop\serverCPP\serverCPP\vcpkg_installed\x64-windows\x64-windows\include\crow\routing.h(1043,45): warning C4267: +=: преобразование из "size_t" в "unsigned int"; возможна потеря данных
  (компиляция исходного файла "main.cpp")
  
C:\Users\ittop\Desktop\serverCPP\serverCPP\vcpkg_installed\x64-windows\x64-windows\include\crow\routing.h(1296,118): warning C4267: аргумент: преобразование из "size_t" в "unsigned int"; возможна потеря данных
  (компиляция исходного файла "main.cpp")
  
C:\Users\ittop\Desktop\serverCPP\serverCPP\vcpkg_installed\x64-windows\x64-windows\include\crow\routing.h(1296,87): warning C4267: аргумент: преобразование из "size_t" в "uint16_t"; возможна потеря данных
  (компиляция исходного файла "main.cpp")
  
C:\Users\ittop\Desktop\serverCPP\serverCPP\vcpkg_installed\x64-windows\x64-windows\include\crow\routing.h(1302,135): warning C4267: аргумент: преобразование из "size_t" в "unsigned int"; возможна потеря данных
  (компиляция исходного файла "main.cpp")
  
C:\Users\ittop\Desktop\serverCPP\serverCPP\vcpkg_installed\x64-windows\x64-windows\include\crow\routing.h(1363,111): warning C4267: аргумент: преобразование из "size_t" в "unsigned int"; возможна потеря данных
  (компиляция исходного файла "main.cpp")
  
C:\Users\ittop\Desktop\serverCPP\serverCPP\vcpkg_installed\x64-windows\x64-windows\include\crow\routing.h(1508,24): warning C4267: инициализация: преобразование из "size_t" в "int"; возможна потеря данных
  (компиляция исходного файла "main.cpp")
  
  serverCPP.vcxproj -> C:\Users\ittop\Desktop\serverCPP\x64\Debug\serverCPP.exe
  "pwsh.exe" не является внутренней или внешней
  командой, исполняемой программой или пакетным файлом.
