  main.cpp
  Please define _WIN32_WINNT or _WIN32_WINDOWS appropriately. For example:
  - add -D_WIN32_WINNT=0x0601 to the compiler command line; or
  - add _WIN32_WINNT=0x0601 to your project's Preprocessor Definitions.
  Assuming _WIN32_WINNT=0x0601 (i.e. Windows 7 target).
C:\Users\smira\source\repos\serverCPP\server\crow_all.h(3835,35): warning C4267: аргумент: преобразование из "size_t" в "uint32_t"; возможна потеря данных
  (компиляция исходного файла "main.cpp")
  
C:\Users\smira\source\repos\serverCPP\server\crow_all.h(4317,32): warning C4267: return: преобразование из "size_t" в "int"; возможна потеря данных
  (компиляция исходного файла "main.cpp")
  
C:\Users\smira\source\repos\serverCPP\server\crow_all.h(4830,33): warning C4267: инициализация: преобразование из "size_t" в "int"; возможна потеря данных
  (компиляция исходного файла "main.cpp")
  
C:\Users\smira\source\repos\serverCPP\server\crow_all.h(4849,48): warning C4267: =: преобразование из "size_t" в "int"; возможна потеря данных
  (компиляция исходного файла "main.cpp")
  
C:\Users\smira\source\repos\serverCPP\server\crow_all.h(4851,53): warning C4267: аргумент: преобразование из "size_t" в "_Ty"; возможна потеря данных
C:\Users\smira\source\repos\serverCPP\server\crow_all.h(4851,53): warning C4267:         with
C:\Users\smira\source\repos\serverCPP\server\crow_all.h(4851,53): warning C4267:         [
C:\Users\smira\source\repos\serverCPP\server\crow_all.h(4851,53): warning C4267:             _Ty=int
C:\Users\smira\source\repos\serverCPP\server\crow_all.h(4851,53): warning C4267:         ]
  (компиляция исходного файла "main.cpp")
  
C:\Users\smira\source\repos\serverCPP\server\crow_all.h(4952,94): warning C4267: аргумент: преобразование из "size_t" в "int"; возможна потеря данных
  (компиляция исходного файла "main.cpp")
  
C:\Users\smira\source\repos\serverCPP\server\crow_all.h(5100,54): warning C4267: аргумент: преобразование из "size_t" в "int"; возможна потеря данных
  (компиляция исходного файла "main.cpp")
  
C:\Users\smira\source\repos\serverCPP\server\crow_all.h(5111,54): warning C4267: аргумент: преобразование из "size_t" в "int"; возможна потеря данных
  (компиляция исходного файла "main.cpp")
  
C:\Users\smira\source\repos\serverCPP\server\crow_all.h(5129,54): warning C4267: аргумент: преобразование из "size_t" в "int"; возможна потеря данных
  (компиляция исходного файла "main.cpp")
  
C:\Users\smira\source\repos\serverCPP\server\crow_all.h(5140,54): warning C4267: аргумент: преобразование из "size_t" в "int"; возможна потеря данных
  (компиляция исходного файла "main.cpp")
  
C:\Users\smira\source\repos\serverCPP\server\crow_all.h(6584,32): warning C4244: =: преобразование "__int64" в "unsigned long", возможна потеря данных
  (компиляция исходного файла "main.cpp")
  
C:\Users\smira\source\repos\serverCPP\server\crow_all.h(6604,32): warning C4244: =: преобразование "__int64" в "unsigned long", возможна потеря данных
  (компиляция исходного файла "main.cpp")
  
C:\Users\smira\source\repos\serverCPP\server\crow_all.h(9638,23): warning C4267: инициализация: преобразование из "size_t" в "int"; возможна потеря данных
  (компиляция исходного файла "main.cpp")
  
C:\Users\smira\source\repos\serverCPP\server\crow_all.h(12396,70): warning C4244: аргумент: преобразование "__int64" в "unsigned int", возможна потеря данных
  (компиляция исходного файла "main.cpp")
  
C:\Users\smira\source\repos\serverCPP\server\crow_all.h(12417,70): warning C4244: аргумент: преобразование "__int64" в "unsigned int", возможна потеря данных
  (компиляция исходного файла "main.cpp")
  
C:\Users\smira\source\repos\serverCPP\server\crow_all.h(12438,70): warning C4244: аргумент: преобразование "__int64" в "unsigned int", возможна потеря данных
  (компиляция исходного файла "main.cpp")
  
C:\Users\smira\source\repos\serverCPP\server\crow_all.h(12460,61): warning C4267: аргумент: преобразование из "size_t" в "unsigned int"; возможна потеря данных
  (компиляция исходного файла "main.cpp")
  
C:\Users\smira\source\repos\serverCPP\server\crow_all.h(12476,61): warning C4267: аргумент: преобразование из "size_t" в "unsigned int"; возможна потеря данных
  (компиляция исходного файла "main.cpp")
  
C:\Users\smira\source\repos\serverCPP\server\crow_all.h(12491,61): warning C4267: аргумент: преобразование из "size_t" в "unsigned int"; возможна потеря данных
  (компиляция исходного файла "main.cpp")
  
C:\Users\smira\source\repos\serverCPP\server\crow_all.h(12546,53): warning C4267: +=: преобразование из "size_t" в "unsigned int"; возможна потеря данных
  (компиляция исходного файла "main.cpp")
  
C:\Users\smira\source\repos\serverCPP\server\crow_all.h(12557,45): warning C4267: +=: преобразование из "size_t" в "unsigned int"; возможна потеря данных
  (компиляция исходного файла "main.cpp")
  
C:\Users\smira\source\repos\serverCPP\server\crow_all.h(12810,101): warning C4267: аргумент: преобразование из "size_t" в "unsigned int"; возможна потеря данных
  (компиляция исходного файла "main.cpp")
  
C:\Users\smira\source\repos\serverCPP\server\crow_all.h(12810,87): warning C4267: аргумент: преобразование из "size_t" в "uint16_t"; возможна потеря данных
  (компиляция исходного файла "main.cpp")
  
C:\Users\smira\source\repos\serverCPP\server\crow_all.h(12816,118): warning C4267: аргумент: преобразование из "size_t" в "unsigned int"; возможна потеря данных
  (компиляция исходного файла "main.cpp")
  
C:\Users\smira\source\repos\serverCPP\server\crow_all.h(12877,111): warning C4267: аргумент: преобразование из "size_t" в "unsigned int"; возможна потеря данных
  (компиляция исходного файла "main.cpp")
  
C:\Users\smira\source\repos\serverCPP\server\crow_all.h(13021,24): warning C4267: инициализация: преобразование из "size_t" в "int"; возможна потеря данных
  (компиляция исходного файла "main.cpp")
  
C:\Users\smira\source\repos\serverCPP\server\crow_all.h(13037,24): warning C4267: инициализация: преобразование из "size_t" в "int"; возможна потеря данных
  (компиляция исходного файла "main.cpp")
  
C:\Users\smira\source\repos\serverCPP\server\vcpkg_installed\x64-windows\x64-windows\include\fmt\base.h(463,28): error C2338: static_assert failed: 'Unicode support requires compiling with /utf-8'
  (компиляция исходного файла "main.cpp")
  
  Route.cpp
  Please define _WIN32_WINNT or _WIN32_WINDOWS appropriately. For example:
  - add -D_WIN32_WINNT=0x0601 to the compiler command line; or
  - add _WIN32_WINNT=0x0601 to your project's Preprocessor Definitions.
  Assuming _WIN32_WINNT=0x0601 (i.e. Windows 7 target).
C:\Users\smira\source\repos\serverCPP\server\crow_all.h(3835,35): warning C4267: аргумент: преобразование из "size_t" в "uint32_t"; возможна потеря данных
  (компиляция исходного файла "Route.cpp")
  
C:\Users\smira\source\repos\serverCPP\server\crow_all.h(4317,32): warning C4267: return: преобразование из "size_t" в "int"; возможна потеря данных
  (компиляция исходного файла "Route.cpp")
  
C:\Users\smira\source\repos\serverCPP\server\crow_all.h(4830,33): warning C4267: инициализация: преобразование из "size_t" в "int"; возможна потеря данных
  (компиляция исходного файла "Route.cpp")
  
C:\Users\smira\source\repos\serverCPP\server\crow_all.h(4849,48): warning C4267: =: преобразование из "size_t" в "int"; возможна потеря данных
  (компиляция исходного файла "Route.cpp")
  
C:\Users\smira\source\repos\serverCPP\server\crow_all.h(4851,53): warning C4267: аргумент: преобразование из "size_t" в "_Ty"; возможна потеря данных
C:\Users\smira\source\repos\serverCPP\server\crow_all.h(4851,53): warning C4267:         with
C:\Users\smira\source\repos\serverCPP\server\crow_all.h(4851,53): warning C4267:         [
C:\Users\smira\source\repos\serverCPP\server\crow_all.h(4851,53): warning C4267:             _Ty=int
C:\Users\smira\source\repos\serverCPP\server\crow_all.h(4851,53): warning C4267:         ]
  (компиляция исходного файла "Route.cpp")
  
C:\Users\smira\source\repos\serverCPP\server\crow_all.h(4952,94): warning C4267: аргумент: преобразование из "size_t" в "int"; возможна потеря данных
  (компиляция исходного файла "Route.cpp")
  
C:\Users\smira\source\repos\serverCPP\server\crow_all.h(5100,54): warning C4267: аргумент: преобразование из "size_t" в "int"; возможна потеря данных
  (компиляция исходного файла "Route.cpp")
  
C:\Users\smira\source\repos\serverCPP\server\crow_all.h(5111,54): warning C4267: аргумент: преобразование из "size_t" в "int"; возможна потеря данных
  (компиляция исходного файла "Route.cpp")
  
C:\Users\smira\source\repos\serverCPP\server\crow_all.h(5129,54): warning C4267: аргумент: преобразование из "size_t" в "int"; возможна потеря данных
  (компиляция исходного файла "Route.cpp")
  
C:\Users\smira\source\repos\serverCPP\server\crow_all.h(5140,54): warning C4267: аргумент: преобразование из "size_t" в "int"; возможна потеря данных
  (компиляция исходного файла "Route.cpp")
  
C:\Users\smira\source\repos\serverCPP\server\crow_all.h(6584,32): warning C4244: =: преобразование "__int64" в "unsigned long", возможна потеря данных
  (компиляция исходного файла "Route.cpp")
  
C:\Users\smira\source\repos\serverCPP\server\crow_all.h(6604,32): warning C4244: =: преобразование "__int64" в "unsigned long", возможна потеря данных
  (компиляция исходного файла "Route.cpp")
  
C:\Users\smira\source\repos\serverCPP\server\crow_all.h(9638,23): warning C4267: инициализация: преобразование из "size_t" в "int"; возможна потеря данных
  (компиляция исходного файла "Route.cpp")
  
C:\Users\smira\source\repos\serverCPP\server\crow_all.h(12396,70): warning C4244: аргумент: преобразование "__int64" в "unsigned int", возможна потеря данных
  (компиляция исходного файла "Route.cpp")
  
C:\Users\smira\source\repos\serverCPP\server\crow_all.h(12417,70): warning C4244: аргумент: преобразование "__int64" в "unsigned int", возможна потеря данных
  (компиляция исходного файла "Route.cpp")
  
C:\Users\smira\source\repos\serverCPP\server\crow_all.h(12438,70): warning C4244: аргумент: преобразование "__int64" в "unsigned int", возможна потеря данных
  (компиляция исходного файла "Route.cpp")
  
C:\Users\smira\source\repos\serverCPP\server\crow_all.h(12460,61): warning C4267: аргумент: преобразование из "size_t" в "unsigned int"; возможна потеря данных
  (компиляция исходного файла "Route.cpp")
  
C:\Users\smira\source\repos\serverCPP\server\crow_all.h(12476,61): warning C4267: аргумент: преобразование из "size_t" в "unsigned int"; возможна потеря данных
  (компиляция исходного файла "Route.cpp")
  
C:\Users\smira\source\repos\serverCPP\server\crow_all.h(12491,61): warning C4267: аргумент: преобразование из "size_t" в "unsigned int"; возможна потеря данных
  (компиляция исходного файла "Route.cpp")
  
C:\Users\smira\source\repos\serverCPP\server\crow_all.h(12546,53): warning C4267: +=: преобразование из "size_t" в "unsigned int"; возможна потеря данных
  (компиляция исходного файла "Route.cpp")
  
C:\Users\smira\source\repos\serverCPP\server\crow_all.h(12557,45): warning C4267: +=: преобразование из "size_t" в "unsigned int"; возможна потеря данных
  (компиляция исходного файла "Route.cpp")
  
C:\Users\smira\source\repos\serverCPP\server\crow_all.h(12810,101): warning C4267: аргумент: преобразование из "size_t" в "unsigned int"; возможна потеря данных
  (компиляция исходного файла "Route.cpp")
  
C:\Users\smira\source\repos\serverCPP\server\crow_all.h(12810,87): warning C4267: аргумент: преобразование из "size_t" в "uint16_t"; возможна потеря данных
  (компиляция исходного файла "Route.cpp")
  
C:\Users\smira\source\repos\serverCPP\server\crow_all.h(12816,118): warning C4267: аргумент: преобразование из "size_t" в "unsigned int"; возможна потеря данных
  (компиляция исходного файла "Route.cpp")
  
C:\Users\smira\source\repos\serverCPP\server\crow_all.h(12877,111): warning C4267: аргумент: преобразование из "size_t" в "unsigned int"; возможна потеря данных
  (компиляция исходного файла "Route.cpp")
  
C:\Users\smira\source\repos\serverCPP\server\crow_all.h(13021,24): warning C4267: инициализация: преобразование из "size_t" в "int"; возможна потеря данных
  (компиляция исходного файла "Route.cpp")
  
C:\Users\smira\source\repos\serverCPP\server\crow_all.h(13037,24): warning C4267: инициализация: преобразование из "size_t" в "int"; возможна потеря данных
  (компиляция исходного файла "Route.cpp")
  
C:\Users\smira\source\repos\serverCPP\server\vcpkg_installed\x64-windows\x64-windows\include\fmt\base.h(463,28): error C2338: static_assert failed: 'Unicode support requires compiling with /utf-8'
  (компиляция исходного файла "Route.cpp")
  
  Создание кода...
