c:\users\smira\source\repos\servercpp\server\x64\debug\vc143.pdb
c:\users\smira\source\repos\servercpp\server\x64\debug\vc143.idb
c:\users\smira\source\repos\servercpp\server\x64\debug\datastorage.obj
c:\users\smira\source\repos\servercpp\x64\debug\server.exe
c:\users\smira\source\repos\servercpp\x64\debug\server.pdb
c:\users\ittop\source\repos\restapi\x64\debug\sqlitecpp.dll
c:\users\ittop\source\repos\restapi\x64\debug\sqlite3.dll
c:\users\smira\source\repos\servercpp\x64\debug\sqlitecpp.dll
c:\users\smira\source\repos\servercpp\x64\debug\sqlite3.dll
c:\users\smira\source\repos\servercpp\server\x64\debug\server.ilk
c:\users\smira\source\repos\servercpp\server\x64\debug\main.obj
c:\users\smira\source\repos\servercpp\server\x64\debug\route.obj
c:\users\smira\source\repos\servercpp\server\x64\debug\server.tlog\cl.command.1.tlog
c:\users\smira\source\repos\servercpp\server\x64\debug\server.tlog\cl.items.tlog
c:\users\smira\source\repos\servercpp\server\x64\debug\server.tlog\cl.read.1.tlog
c:\users\smira\source\repos\servercpp\server\x64\debug\server.tlog\cl.write.1.tlog
c:\users\smira\source\repos\servercpp\server\x64\debug\server.tlog\link.command.1.tlog
c:\users\smira\source\repos\servercpp\server\x64\debug\server.tlog\link.read.1.tlog
c:\users\smira\source\repos\servercpp\server\x64\debug\server.tlog\link.secondary.1.tlog
c:\users\smira\source\repos\servercpp\server\x64\debug\server.tlog\link.write.1.tlog
c:\users\smira\source\repos\servercpp\server\x64\debug\server.tlog\server.write.1u.tlog
c:\users\smira\source\repos\servercpp\server\x64\debug\server.tlog\vcpkginstallmanifestx64-windows.read.1u.tlog
